{"total": {"lines":{"total":53,"covered":53,"skipped":0,"pct":100},"statements":{"total":61,"covered":61,"skipped":0,"pct":100},"functions":{"total":4,"covered":4,"skipped":0,"pct":100},"branches":{"total":38,"covered":31,"skipped":0,"pct":81.57},"branchesTrue":{"total":0,"covered":0,"skipped":0,"pct":"Unknown"}}
,"/home/runner/work/date.js/date.js/src/index.ts": {"lines":{"total":53,"covered":53,"skipped":0,"pct":100},"functions":{"total":4,"covered":4,"skipped":0,"pct":100},"statements":{"total":61,"covered":61,"skipped":0,"pct":100},"branches":{"total":38,"covered":31,"skipped":0,"pct":81.57}}
}
