TN:
SF:src/index.ts
FN:29,(anonymous_0)
FN:50,(anonymous_1)
FN:79,(anonymous_2)
FN:84,(anonymous_3)
FNF:4
FNH:4
FNDA:1,(anonymous_0)
FNDA:9,(anonymous_1)
FNDA:2,(anonymous_2)
FNDA:1,(anonymous_3)
DA:29,1
DA:30,1
DA:39,1
DA:40,1
DA:42,1
DA:43,7
DA:44,5
DA:45,5
DA:48,1
DA:50,1
DA:51,9
DA:52,8
DA:53,8
DA:54,8
DA:55,8
DA:56,8
DA:57,8
DA:58,8
DA:59,8
DA:60,8
DA:61,8
DA:63,8
DA:64,8
DA:65,8
DA:66,8
DA:67,8
DA:68,8
DA:70,8
DA:71,6
DA:72,5
DA:73,4
DA:74,3
DA:75,2
DA:76,1
DA:77,8
DA:79,1
DA:80,2
DA:81,2
DA:82,2
DA:84,1
DA:86,1
DA:87,1
DA:88,1
DA:89,1
DA:90,1
DA:91,1
DA:96,1
DA:97,3
DA:98,3
DA:99,1
DA:101,2
DA:102,2
DA:106,1
LF:53
LH:53
BRDA:39,0,0,1
BRDA:39,0,1,0
BRDA:43,1,0,5
BRDA:43,1,1,2
BRDA:45,2,0,0
BRDA:45,2,1,5
BRDA:51,3,0,1
BRDA:51,3,1,8
BRDA:53,4,0,1
BRDA:53,4,1,7
BRDA:53,5,0,8
BRDA:53,5,1,1
BRDA:70,6,0,2
BRDA:70,6,1,6
BRDA:71,7,0,1
BRDA:71,7,1,5
BRDA:72,8,0,1
BRDA:72,8,1,4
BRDA:73,9,0,1
BRDA:73,9,1,3
BRDA:74,10,0,1
BRDA:74,10,1,2
BRDA:75,11,0,1
BRDA:75,11,1,1
BRDA:82,12,0,0
BRDA:82,12,1,2
BRDA:82,13,0,2
BRDA:82,13,1,0
BRDA:89,14,0,1
BRDA:89,14,1,0
BRDA:97,15,0,3
BRDA:97,15,1,0
BRDA:98,16,0,1
BRDA:98,16,1,2
BRDA:98,17,0,3
BRDA:98,17,1,1
BRDA:102,18,0,0
BRDA:102,18,1,2
BRF:38
BRH:31
end_of_record
